<?xml version="1.0" encoding="UTF-8"?>
<!-- Generated by org.testng.reporters.JUnitReportReporter -->
<testsuite hostname="DESKTOP-TJA25OT" failures="0" tests="1" name="com.project.swiggy.SwiggyApplication.SeleniumGrid" time="107.644" errors="0" timestamp="2021-03-01T14:42:52 IST" skipped="0">
  <testcase classname="com.project.swiggy.SwiggyApplication.SeleniumGrid" name="initialize" time="107.644"/>
  <system-out/>
</testsuite> <!-- com.project.swiggy.SwiggyApplication.SeleniumGrid -->
