<?xml version="1.0" encoding="UTF-8"?>
<!-- Generated by org.testng.reporters.JUnitReportReporter -->
<testsuite hostname="DESKTOP-TJA25OT" failures="0" tests="1" name="com.project.swiggy.SwiggyApplication.HomePageTest" time="11.523" errors="0" timestamp="2021-02-28T22:09:25 IST" skipped="0">
  <testcase classname="com.project.swiggy.SwiggyApplication.HomePageTest" name="test1" time="11.523"/>
  <system-out/>
</testsuite> <!-- com.project.swiggy.SwiggyApplication.HomePageTest -->
